{"/Users/isaaclevine/projects/promptlens-ts/src/core/client.ts": {"path":"/Users/isaaclevine/projects/promptlens-ts/src/core/client.ts","statementMap":{"0":{"start":{"line":9,"column":0},"end":{"line":9,"column":51}},"1":{"start":{"line":26,"column":4},"end":{"line":26,"column":27}},"2":{"start":{"line":28,"column":4},"end":{"line":28,"column":32}},"3":{"start":{"line":29,"column":4},"end":{"line":29,"column":66}},"4":{"start":{"line":30,"column":4},"end":{"line":30,"column":43}},"5":{"start":{"line":31,"column":4},"end":{"line":31,"column":38}},"6":{"start":{"line":47,"column":22},"end":{"line":47,"column":32}},"7":{"start":{"line":49,"column":4},"end":{"line":72,"column":5}},"8":{"start":{"line":50,"column":23},"end":{"line":53,"column":8}},"9":{"start":{"line":55,"column":28},"end":{"line":55,"column":50}},"10":{"start":{"line":57,"column":6},"end":{"line":62,"column":8}},"11":{"start":{"line":64,"column":28},"end":{"line":64,"column":50}},"12":{"start":{"line":66,"column":6},"end":{"line":71,"column":8}},"13":{"start":{"line":84,"column":4},"end":{"line":84,"column":60}},"14":{"start":{"line":99,"column":4},"end":{"line":104,"column":7}},"15":{"start":{"line":120,"column":16},"end":{"line":120,"column":43}},"16":{"start":{"line":123,"column":4},"end":{"line":125,"column":5}},"17":{"start":{"line":124,"column":6},"end":{"line":124,"column":59}},"18":{"start":{"line":127,"column":44},"end":{"line":131,"column":6}},"19":{"start":{"line":133,"column":40},"end":{"line":138,"column":6}},"20":{"start":{"line":140,"column":21},"end":{"line":140,"column":64}},"21":{"start":{"line":142,"column":4},"end":{"line":147,"column":5}},"22":{"start":{"line":143,"column":24},"end":{"line":143,"column":45}},"23":{"start":{"line":144,"column":6},"end":{"line":146,"column":8}},"24":{"start":{"line":149,"column":4},"end":{"line":149,"column":27}},"25":{"start":{"line":14,"column":0},"end":{"line":14,"column":21}}},"fnMap":{"0":{"name":"(anonymous_0)","decl":{"start":{"line":25,"column":2},"end":{"line":25,"column":14}},"loc":{"start":{"line":25,"column":38},"end":{"line":32,"column":3}}},"1":{"name":"(anonymous_1)","decl":{"start":{"line":41,"column":9},"end":{"line":41,"column":14}},"loc":{"start":{"line":43,"column":28},"end":{"line":73,"column":3}}},"2":{"name":"(anonymous_2)","decl":{"start":{"line":81,"column":9},"end":{"line":81,"column":14}},"loc":{"start":{"line":81,"column":45},"end":{"line":85,"column":3}}},"3":{"name":"(anonymous_3)","decl":{"start":{"line":94,"column":9},"end":{"line":94,"column":14}},"loc":{"start":{"line":97,"column":34},"end":{"line":105,"column":3}}},"4":{"name":"(anonymous_4)","decl":{"start":{"line":115,"column":10},"end":{"line":115,"column":15}},"loc":{"start":{"line":118,"column":14},"end":{"line":150,"column":3}}}},"branchMap":{"0":{"loc":{"start":{"line":29,"column":19},"end":{"line":29,"column":65}},"type":"binary-expr","locations":[{"start":{"line":29,"column":19},"end":{"line":29,"column":33}},{"start":{"line":29,"column":37},"end":{"line":29,"column":65}}]},"1":{"loc":{"start":{"line":30,"column":19},"end":{"line":30,"column":42}},"type":"binary-expr","locations":[{"start":{"line":30,"column":19},"end":{"line":30,"column":33}},{"start":{"line":30,"column":37},"end":{"line":30,"column":42}}]},"2":{"loc":{"start":{"line":70,"column":15},"end":{"line":70,"column":69}},"type":"cond-expr","locations":[{"start":{"line":70,"column":40},"end":{"line":70,"column":53}},{"start":{"line":70,"column":56},"end":{"line":70,"column":69}}]},"3":{"loc":{"start":{"line":100,"column":14},"end":{"line":100,"column":71}},"type":"cond-expr","locations":[{"start":{"line":100,"column":43},"end":{"line":100,"column":62}},{"start":{"line":100,"column":65},"end":{"line":100,"column":71}}]},"4":{"loc":{"start":{"line":123,"column":4},"end":{"line":125,"column":5}},"type":"if","locations":[{"start":{"line":123,"column":4},"end":{"line":125,"column":5}}]},"5":{"loc":{"start":{"line":136,"column":12},"end":{"line":136,"column":51}},"type":"cond-expr","locations":[{"start":{"line":136,"column":19},"end":{"line":136,"column":39}},{"start":{"line":136,"column":42},"end":{"line":136,"column":51}}]},"6":{"loc":{"start":{"line":142,"column":4},"end":{"line":147,"column":5}},"type":"if","locations":[{"start":{"line":142,"column":4},"end":{"line":147,"column":5}}]}},"s":{"0":1,"1":4,"2":3,"3":3,"4":3,"5":3,"6":2,"7":2,"8":2,"9":1,"10":1,"11":1,"12":1,"13":0,"14":0,"15":2,"16":2,"17":0,"18":2,"19":2,"20":2,"21":2,"22":1,"23":1,"24":1,"25":1},"f":{"0":4,"1":2,"2":0,"3":0,"4":2},"b":{"0":[3,3],"1":[3,3],"2":[1,0],"3":[0,0],"4":[0],"5":[2,0],"6":[1]}}
,"/Users/isaaclevine/projects/promptlens-ts/src/utils/index.ts": {"path":"/Users/isaaclevine/projects/promptlens-ts/src/utils/index.ts","statementMap":{"0":{"start":{"line":9,"column":0},"end":{"line":9,"column":16}},"1":{"start":{"line":40,"column":0},"end":{"line":40,"column":16}},"2":{"start":{"line":64,"column":0},"end":{"line":64,"column":16}},"3":{"start":{"line":82,"column":0},"end":{"line":82,"column":16}},"4":{"start":{"line":10,"column":2},"end":{"line":12,"column":3}},"5":{"start":{"line":11,"column":4},"end":{"line":11,"column":49}},"6":{"start":{"line":14,"column":2},"end":{"line":16,"column":3}},"7":{"start":{"line":15,"column":4},"end":{"line":15,"column":43}},"8":{"start":{"line":18,"column":2},"end":{"line":20,"column":3}},"9":{"start":{"line":19,"column":4},"end":{"line":19,"column":58}},"10":{"start":{"line":22,"column":2},"end":{"line":24,"column":3}},"11":{"start":{"line":23,"column":4},"end":{"line":23,"column":49}},"12":{"start":{"line":26,"column":2},"end":{"line":31,"column":3}},"13":{"start":{"line":30,"column":4},"end":{"line":30,"column":57}},"14":{"start":{"line":41,"column":2},"end":{"line":43,"column":3}},"15":{"start":{"line":42,"column":4},"end":{"line":42,"column":28}},"16":{"start":{"line":45,"column":24},"end":{"line":45,"column":40}},"17":{"start":{"line":47,"column":2},"end":{"line":53,"column":3}},"18":{"start":{"line":48,"column":24},"end":{"line":48,"column":36}},"19":{"start":{"line":49,"column":4},"end":{"line":52,"column":6}},"20":{"start":{"line":55,"column":2},"end":{"line":55,"column":25}},"21":{"start":{"line":65,"column":2},"end":{"line":67,"column":3}},"22":{"start":{"line":66,"column":4},"end":{"line":66,"column":25}},"23":{"start":{"line":69,"column":2},"end":{"line":71,"column":3}},"24":{"start":{"line":70,"column":4},"end":{"line":70,"column":17}},"25":{"start":{"line":73,"column":2},"end":{"line":73,"column":34}},"26":{"start":{"line":85,"column":16},"end":{"line":85,"column":40}},"27":{"start":{"line":86,"column":2},"end":{"line":86,"column":39}}},"fnMap":{"0":{"name":"validateConfig","decl":{"start":{"line":9,"column":16},"end":{"line":9,"column":30}},"loc":{"start":{"line":9,"column":55},"end":{"line":32,"column":1}}},"1":{"name":"renderPrompt","decl":{"start":{"line":40,"column":16},"end":{"line":40,"column":28}},"loc":{"start":{"line":40,"column":53},"end":{"line":56,"column":1}}},"2":{"name":"parseApiError","decl":{"start":{"line":64,"column":16},"end":{"line":64,"column":29}},"loc":{"start":{"line":64,"column":44},"end":{"line":74,"column":1}}},"3":{"name":"estimateTokenCount","decl":{"start":{"line":82,"column":16},"end":{"line":82,"column":34}},"loc":{"start":{"line":82,"column":47},"end":{"line":87,"column":1}}}},"branchMap":{"0":{"loc":{"start":{"line":10,"column":2},"end":{"line":12,"column":3}},"type":"if","locations":[{"start":{"line":10,"column":2},"end":{"line":12,"column":3}}]},"1":{"loc":{"start":{"line":14,"column":2},"end":{"line":16,"column":3}},"type":"if","locations":[{"start":{"line":14,"column":2},"end":{"line":16,"column":3}}]},"2":{"loc":{"start":{"line":18,"column":2},"end":{"line":20,"column":3}},"type":"if","locations":[{"start":{"line":18,"column":2},"end":{"line":20,"column":3}}]},"3":{"loc":{"start":{"line":18,"column":6},"end":{"line":18,"column":70}},"type":"binary-expr","locations":[{"start":{"line":18,"column":6},"end":{"line":18,"column":39}},{"start":{"line":18,"column":43},"end":{"line":18,"column":70}}]},"4":{"loc":{"start":{"line":22,"column":2},"end":{"line":24,"column":3}},"type":"if","locations":[{"start":{"line":22,"column":2},"end":{"line":24,"column":3}}]},"5":{"loc":{"start":{"line":22,"column":6},"end":{"line":22,"column":58}},"type":"binary-expr","locations":[{"start":{"line":22,"column":6},"end":{"line":22,"column":20}},{"start":{"line":22,"column":24},"end":{"line":22,"column":58}}]},"6":{"loc":{"start":{"line":26,"column":2},"end":{"line":31,"column":3}},"type":"if","locations":[{"start":{"line":26,"column":2},"end":{"line":31,"column":3}}]},"7":{"loc":{"start":{"line":27,"column":4},"end":{"line":28,"column":63}},"type":"binary-expr","locations":[{"start":{"line":27,"column":4},"end":{"line":27,"column":18}},{"start":{"line":28,"column":5},"end":{"line":28,"column":39}},{"start":{"line":28,"column":43},"end":{"line":28,"column":62}}]},"8":{"loc":{"start":{"line":41,"column":2},"end":{"line":43,"column":3}},"type":"if","locations":[{"start":{"line":41,"column":2},"end":{"line":43,"column":3}}]},"9":{"loc":{"start":{"line":65,"column":2},"end":{"line":67,"column":3}},"type":"if","locations":[{"start":{"line":65,"column":2},"end":{"line":67,"column":3}}]},"10":{"loc":{"start":{"line":69,"column":2},"end":{"line":71,"column":3}},"type":"if","locations":[{"start":{"line":69,"column":2},"end":{"line":71,"column":3}}]}},"s":{"0":1,"1":1,"2":1,"3":1,"4":4,"5":0,"6":4,"7":1,"8":3,"9":0,"10":3,"11":0,"12":3,"13":0,"14":1,"15":0,"16":1,"17":1,"18":3,"19":3,"20":1,"21":0,"22":0,"23":0,"24":0,"25":0,"26":0,"27":0},"f":{"0":4,"1":1,"2":0,"3":0},"b":{"0":[0],"1":[1],"2":[0],"3":[3,3],"4":[0],"5":[3,0],"6":[0],"7":[3,0,0],"8":[0],"9":[0],"10":[0]}}
}
