TN:
SF:src/core/client.ts
FN:25,(anonymous_0)
FN:41,(anonymous_1)
FN:81,(anonymous_2)
FN:94,(anonymous_3)
FN:115,(anonymous_4)
FNF:5
FNH:3
FNDA:4,(anonymous_0)
FNDA:2,(anonymous_1)
FNDA:0,(anonymous_2)
FNDA:0,(anonymous_3)
FNDA:2,(anonymous_4)
DA:9,1
DA:14,1
DA:26,4
DA:28,3
DA:29,3
DA:30,3
DA:31,3
DA:47,2
DA:49,2
DA:50,2
DA:55,1
DA:57,1
DA:64,1
DA:66,1
DA:84,0
DA:99,0
DA:120,2
DA:123,2
DA:124,0
DA:127,2
DA:133,2
DA:140,2
DA:142,2
DA:143,1
DA:144,1
DA:149,1
LF:26
LH:23
BRDA:29,0,0,3
BRDA:29,0,1,3
BRDA:30,1,0,3
BRDA:30,1,1,3
BRDA:70,2,0,1
BRDA:70,2,1,0
BRDA:100,3,0,0
BRDA:100,3,1,0
BRDA:123,4,0,0
BRDA:136,5,0,2
BRDA:136,5,1,0
BRDA:142,6,0,1
BRF:12
BRH:7
end_of_record
TN:
SF:src/utils/index.ts
FN:9,validateConfig
FN:40,renderPrompt
FN:64,parseApiError
FN:82,estimateTokenCount
FNF:4
FNH:2
FNDA:4,validateConfig
FNDA:1,renderPrompt
FNDA:0,parseApiError
FNDA:0,estimateTokenCount
DA:9,1
DA:10,4
DA:11,0
DA:14,4
DA:15,1
DA:18,3
DA:19,0
DA:22,3
DA:23,0
DA:26,3
DA:30,0
DA:40,1
DA:41,1
DA:42,0
DA:45,1
DA:47,1
DA:48,3
DA:49,3
DA:55,1
DA:64,1
DA:65,0
DA:66,0
DA:69,0
DA:70,0
DA:73,0
DA:82,1
DA:85,0
DA:86,0
LF:28
LH:16
BRDA:10,0,0,0
BRDA:14,1,0,1
BRDA:18,2,0,0
BRDA:18,3,0,3
BRDA:18,3,1,3
BRDA:22,4,0,0
BRDA:22,5,0,3
BRDA:22,5,1,0
BRDA:26,6,0,0
BRDA:27,7,0,3
BRDA:27,7,1,0
BRDA:27,7,2,0
BRDA:41,8,0,0
BRDA:65,9,0,0
BRDA:69,10,0,0
BRF:15
BRH:5
end_of_record
